{"uid":"4408cfd02a82eae9","name":"test_new_project_creation_and_test_popup","fullName":"tests.web.selenium.enterprise_plan.project_creation_test#test_new_project_creation_and_test_popup","historyId":"7f68430f236393f4306a801001c34bc9","time":{"start":1772173801584,"stop":1772173812721,"duration":11137},"status":"broken","statusMessage":"selenium.common.exceptions.StaleElementReferenceException: Message: stale element reference: stale element not found in the current frame\n  (Session info: chrome=145.0.7632.116); For documentation on this error, please visit: https://www.selenium.dev/documentation/webdriver/troubleshooting/errors#staleelementreferenceexception\nStacktrace:\n#0 0x55ea8f820b6a <unknown>\n#1 0x55ea8f233a32 <unknown>\n#2 0x55ea8f23ab62 <unknown>\n#3 0x55ea8f23d3d9 <unknown>\n#4 0x55ea8f23d483 <unknown>\n#5 0x55ea8f28ae13 <unknown>\n#6 0x55ea8f28a07a <unknown>\n#7 0x55ea8f27ccd2 <unknown>\n#8 0x55ea8f27c617 <unknown>\n#9 0x55ea8f2d1369 <unknown>\n#10 0x55ea8f27ac0f <unknown>\n#11 0x55ea8f27b9d1 <unknown>\n#12 0x55ea8f7e56b9 <unknown>\n#13 0x55ea8f7e85c1 <unknown>\n#14 0x55ea8f7d1e29 <unknown>\n#15 0x55ea8f7e917e <unknown>\n#16 0x55ea8f7b84b0 <unknown>\n#17 0x55ea8f80d578 <unknown>\n#18 0x55ea8f80d74b <unknown>\n#19 0x55ea8f81f1a3 <unknown>\n#20 0x7f888889caa4 <unknown>\n#21 0x7f8888929c6c <unknown>","statusTrace":"tests/web/selenium/enterprise_plan/project_creation_test.py:31: in test_new_project_creation_and_test_popup\n    project_page.test_modal.is_loaded(\"Test\").set_title(test_name).save()\n    ^^^^^^^^^^^^^^^^^^^^^^^^^^^^^^^^^^^^^^^^^^^^^^^^^^^^^^^^^^^^^^\nsrc/web/selenium/components/test_modal.py:31: in set_title\n    self.type_text(self.TITLE_INPUT, title)\nsrc/web/selenium/core/base_page.py:41: in type_text\n    element.click()\n.venv/lib/python3.14/site-packages/selenium/webdriver/remote/webelement.py:114: in click\n    self._execute(Command.CLICK_ELEMENT)\n.venv/lib/python3.14/site-packages/selenium/webdriver/remote/webelement.py:508: in _execute\n    return self._parent.execute(command, params)\n           ^^^^^^^^^^^^^^^^^^^^^^^^^^^^^^^^^^^^^\n.venv/lib/python3.14/site-packages/selenium/webdriver/remote/webdriver.py:446: in execute\n    self.error_handler.check_response(response)\n.venv/lib/python3.14/site-packages/selenium/webdriver/remote/errorhandler.py:232: in check_response\n    raise exception_class(message, screen, stacktrace)\nE   selenium.common.exceptions.StaleElementReferenceException: Message: stale element reference: stale element not found in the current frame\nE     (Session info: chrome=145.0.7632.116); For documentation on this error, please visit: https://www.selenium.dev/documentation/webdriver/troubleshooting/errors#staleelementreferenceexception\nE   Stacktrace:\nE   #0 0x55ea8f820b6a <unknown>\nE   #1 0x55ea8f233a32 <unknown>\nE   #2 0x55ea8f23ab62 <unknown>\nE   #3 0x55ea8f23d3d9 <unknown>\nE   #4 0x55ea8f23d483 <unknown>\nE   #5 0x55ea8f28ae13 <unknown>\nE   #6 0x55ea8f28a07a <unknown>\nE   #7 0x55ea8f27ccd2 <unknown>\nE   #8 0x55ea8f27c617 <unknown>\nE   #9 0x55ea8f2d1369 <unknown>\nE   #10 0x55ea8f27ac0f <unknown>\nE   #11 0x55ea8f27b9d1 <unknown>\nE   #12 0x55ea8f7e56b9 <unknown>\nE   #13 0x55ea8f7e85c1 <unknown>\nE   #14 0x55ea8f7d1e29 <unknown>\nE   #15 0x55ea8f7e917e <unknown>\nE   #16 0x55ea8f7b84b0 <unknown>\nE   #17 0x55ea8f80d578 <unknown>\nE   #18 0x55ea8f80d74b <unknown>\nE   #19 0x55ea8f81f1a3 <unknown>\nE   #20 0x7f888889caa4 <unknown>\nE   #21 0x7f8888929c6c <unknown>","flaky":false,"newFailed":false,"newBroken":false,"newPassed":false,"retriesCount":0,"retriesStatusChange":false,"beforeStages":[],"testStage":{"status":"broken","statusMessage":"selenium.common.exceptions.StaleElementReferenceException: Message: stale element reference: stale element not found in the current frame\n  (Session info: chrome=145.0.7632.116); For documentation on this error, please visit: https://www.selenium.dev/documentation/webdriver/troubleshooting/errors#staleelementreferenceexception\nStacktrace:\n#0 0x55ea8f820b6a <unknown>\n#1 0x55ea8f233a32 <unknown>\n#2 0x55ea8f23ab62 <unknown>\n#3 0x55ea8f23d3d9 <unknown>\n#4 0x55ea8f23d483 <unknown>\n#5 0x55ea8f28ae13 <unknown>\n#6 0x55ea8f28a07a <unknown>\n#7 0x55ea8f27ccd2 <unknown>\n#8 0x55ea8f27c617 <unknown>\n#9 0x55ea8f2d1369 <unknown>\n#10 0x55ea8f27ac0f <unknown>\n#11 0x55ea8f27b9d1 <unknown>\n#12 0x55ea8f7e56b9 <unknown>\n#13 0x55ea8f7e85c1 <unknown>\n#14 0x55ea8f7d1e29 <unknown>\n#15 0x55ea8f7e917e <unknown>\n#16 0x55ea8f7b84b0 <unknown>\n#17 0x55ea8f80d578 <unknown>\n#18 0x55ea8f80d74b <unknown>\n#19 0x55ea8f81f1a3 <unknown>\n#20 0x7f888889caa4 <unknown>\n#21 0x7f8888929c6c <unknown>","statusTrace":"tests/web/selenium/enterprise_plan/project_creation_test.py:31: in test_new_project_creation_and_test_popup\n    project_page.test_modal.is_loaded(\"Test\").set_title(test_name).save()\n    ^^^^^^^^^^^^^^^^^^^^^^^^^^^^^^^^^^^^^^^^^^^^^^^^^^^^^^^^^^^^^^\nsrc/web/selenium/components/test_modal.py:31: in set_title\n    self.type_text(self.TITLE_INPUT, title)\nsrc/web/selenium/core/base_page.py:41: in type_text\n    element.click()\n.venv/lib/python3.14/site-packages/selenium/webdriver/remote/webelement.py:114: in click\n    self._execute(Command.CLICK_ELEMENT)\n.venv/lib/python3.14/site-packages/selenium/webdriver/remote/webelement.py:508: in _execute\n    return self._parent.execute(command, params)\n           ^^^^^^^^^^^^^^^^^^^^^^^^^^^^^^^^^^^^^\n.venv/lib/python3.14/site-packages/selenium/webdriver/remote/webdriver.py:446: in execute\n    self.error_handler.check_response(response)\n.venv/lib/python3.14/site-packages/selenium/webdriver/remote/errorhandler.py:232: in check_response\n    raise exception_class(message, screen, stacktrace)\nE   selenium.common.exceptions.StaleElementReferenceException: Message: stale element reference: stale element not found in the current frame\nE     (Session info: chrome=145.0.7632.116); For documentation on this error, please visit: https://www.selenium.dev/documentation/webdriver/troubleshooting/errors#staleelementreferenceexception\nE   Stacktrace:\nE   #0 0x55ea8f820b6a <unknown>\nE   #1 0x55ea8f233a32 <unknown>\nE   #2 0x55ea8f23ab62 <unknown>\nE   #3 0x55ea8f23d3d9 <unknown>\nE   #4 0x55ea8f23d483 <unknown>\nE   #5 0x55ea8f28ae13 <unknown>\nE   #6 0x55ea8f28a07a <unknown>\nE   #7 0x55ea8f27ccd2 <unknown>\nE   #8 0x55ea8f27c617 <unknown>\nE   #9 0x55ea8f2d1369 <unknown>\nE   #10 0x55ea8f27ac0f <unknown>\nE   #11 0x55ea8f27b9d1 <unknown>\nE   #12 0x55ea8f7e56b9 <unknown>\nE   #13 0x55ea8f7e85c1 <unknown>\nE   #14 0x55ea8f7d1e29 <unknown>\nE   #15 0x55ea8f7e917e <unknown>\nE   #16 0x55ea8f7b84b0 <unknown>\nE   #17 0x55ea8f80d578 <unknown>\nE   #18 0x55ea8f80d74b <unknown>\nE   #19 0x55ea8f81f1a3 <unknown>\nE   #20 0x7f888889caa4 <unknown>\nE   #21 0x7f8888929c6c <unknown>","steps":[{"name":"Open new project page","time":{"start":1772173801585,"stop":1772173801891,"duration":306},"status":"passed","steps":[],"attachments":[],"parameters":[],"stepsCount":0,"shouldDisplayMessage":false,"attachmentsCount":0,"hasContent":false,"attachmentStep":false},{"name":"Verify new project page is loaded","time":{"start":1772173801891,"stop":1772173801975,"duration":84},"status":"passed","steps":[],"attachments":[],"parameters":[],"stepsCount":0,"shouldDisplayMessage":false,"attachmentsCount":0,"hasContent":false,"attachmentStep":false},{"name":"Fill project title: 'Holder PLC'","time":{"start":1772173801975,"stop":1772173802096,"duration":121},"status":"passed","steps":[],"attachments":[],"parameters":[{"name":"target_project_name","value":"'Holder PLC'"}],"stepsCount":0,"shouldDisplayMessage":false,"attachmentsCount":0,"hasContent":true,"attachmentStep":false},{"name":"Click create project","time":{"start":1772173802096,"stop":1772173805647,"duration":3551},"status":"passed","steps":[],"attachments":[],"parameters":[],"stepsCount":0,"shouldDisplayMessage":false,"attachmentsCount":0,"hasContent":false,"attachmentStep":false},{"name":"Verify empty project is loaded","time":{"start":1772173805647,"stop":1772173806284,"duration":637},"status":"passed","steps":[],"attachments":[],"parameters":[],"stepsCount":0,"shouldDisplayMessage":false,"attachmentsCount":0,"hasContent":false,"attachmentStep":false},{"name":"Verify project name is: 'Holder PLC'","time":{"start":1772173806284,"stop":1772173806312,"duration":28},"status":"passed","steps":[],"attachments":[],"parameters":[{"name":"expected_project_name","value":"'Holder PLC'"}],"stepsCount":0,"shouldDisplayMessage":false,"attachmentsCount":0,"hasContent":true,"attachmentStep":false},{"name":"Close read me panel","time":{"start":1772173806312,"stop":1772173806719,"duration":407},"status":"passed","steps":[],"attachments":[],"parameters":[],"stepsCount":0,"shouldDisplayMessage":false,"attachmentsCount":0,"hasContent":false,"attachmentStep":false},{"name":"Verify sidebar is loaded","time":{"start":1772173806720,"stop":1772173807027,"duration":307},"status":"passed","steps":[],"attachments":[],"parameters":[],"stepsCount":0,"shouldDisplayMessage":false,"attachmentsCount":0,"hasContent":false,"attachmentStep":false},{"name":"Click sidebar logo","time":{"start":1772173807027,"stop":1772173807111,"duration":84},"status":"passed","steps":[],"attachments":[],"parameters":[],"stepsCount":0,"shouldDisplayMessage":false,"attachmentsCount":0,"hasContent":false,"attachmentStep":false},{"name":"Verify sidebar active tab is: 'Tests'","time":{"start":1772173807111,"stop":1772173807138,"duration":27},"status":"passed","steps":[],"attachments":[],"parameters":[{"name":"name","value":"'Tests'"}],"stepsCount":0,"shouldDisplayMessage":false,"attachmentsCount":0,"hasContent":true,"attachmentStep":false},{"name":"Create first suite: 'Jackson and Sons'","time":{"start":1772173807140,"stop":1772173807398,"duration":258},"status":"passed","steps":[],"attachments":[],"parameters":[{"name":"target_suite_name","value":"'Jackson and Sons'"}],"stepsCount":0,"shouldDisplayMessage":false,"attachmentsCount":0,"hasContent":true,"attachmentStep":false},{"name":"Create test via popup","time":{"start":1772173807398,"stop":1772173811881,"duration":4483},"status":"passed","steps":[],"attachments":[],"parameters":[],"stepsCount":0,"shouldDisplayMessage":false,"attachmentsCount":0,"hasContent":false,"attachmentStep":false},{"name":"Verify new suite selector is loaded","time":{"start":1772173811881,"stop":1772173812145,"duration":264},"status":"passed","steps":[],"attachments":[],"parameters":[],"stepsCount":0,"shouldDisplayMessage":false,"attachmentsCount":0,"hasContent":false,"attachmentStep":false},{"name":"Select first suite","time":{"start":1772173812146,"stop":1772173812408,"duration":262},"status":"passed","steps":[],"attachments":[],"parameters":[],"stepsCount":0,"shouldDisplayMessage":false,"attachmentsCount":0,"hasContent":false,"attachmentStep":false},{"name":"Verify test modal is loaded for: 'Test'","time":{"start":1772173812410,"stop":1772173812495,"duration":85},"status":"passed","steps":[],"attachments":[],"parameters":[{"name":"artifact_type","value":"'Test'"}],"stepsCount":0,"shouldDisplayMessage":false,"attachmentsCount":0,"hasContent":true,"attachmentStep":false},{"name":"Set modal title: 'Region see write expect.'","time":{"start":1772173812495,"stop":1772173812719,"duration":224},"status":"broken","statusMessage":"selenium.common.exceptions.StaleElementReferenceException: Message: stale element reference: stale element not found in the current frame\n  (Session info: chrome=145.0.7632.116); For documentation on this error, please visit: https://www.selenium.dev/documentation/webdriver/troubleshooting/errors#staleelementreferenceexception\nStacktrace:\n#0 0x55ea8f820b6a <unknown>\n#1 0x55ea8f233a32 <unknown>\n#2 0x55ea8f23ab62 <unknown>\n#3 0x55ea8f23d3d9 <unknown>\n#4 0x55ea8f23d483 <unknown>\n#5 0x55ea8f28ae13 <unknown>\n#6 0x55ea8f28a07a <unknown>\n#7 0x55ea8f27ccd2 <unknown>\n#8 0x55ea8f27c617 <unknown>\n#9 0x55ea8f2d1369 <unknown>\n#10 0x55ea8f27ac0f <unknown>\n#11 0x55ea8f27b9d1 <unknown>\n#12 0x55ea8f7e56b9 <unknown>\n#13 0x55ea8f7e85c1 <unknown>\n#14 0x55ea8f7d1e29 <unknown>\n#15 0x55ea8f7e917e <unknown>\n#16 0x55ea8f7b84b0 <unknown>\n#17 0x55ea8f80d578 <unknown>\n#18 0x55ea8f80d74b <unknown>\n#19 0x55ea8f81f1a3 <unknown>\n#20 0x7f888889caa4 <unknown>\n#21 0x7f8888929c6c <unknown>\n\n","statusTrace":"  File \"/home/runner/work/testomat_tests/testomat_tests/.venv/lib/python3.14/site-packages/allure_commons/_allure.py\", line 202, in impl\n    return func(*a, **kw)\n  File \"/home/runner/work/testomat_tests/testomat_tests/src/web/selenium/components/test_modal.py\", line 31, in set_title\n    self.type_text(self.TITLE_INPUT, title)\n    ~~~~~~~~~~~~~~^^^^^^^^^^^^^^^^^^^^^^^^^\n  File \"/home/runner/work/testomat_tests/testomat_tests/src/web/selenium/core/base_page.py\", line 41, in type_text\n    element.click()\n    ~~~~~~~~~~~~~^^\n  File \"/home/runner/work/testomat_tests/testomat_tests/.venv/lib/python3.14/site-packages/selenium/webdriver/remote/webelement.py\", line 114, in click\n    self._execute(Command.CLICK_ELEMENT)\n    ~~~~~~~~~~~~~^^^^^^^^^^^^^^^^^^^^^^^\n  File \"/home/runner/work/testomat_tests/testomat_tests/.venv/lib/python3.14/site-packages/selenium/webdriver/remote/webelement.py\", line 508, in _execute\n    return self._parent.execute(command, params)\n           ~~~~~~~~~~~~~~~~~~~~^^^^^^^^^^^^^^^^^\n  File \"/home/runner/work/testomat_tests/testomat_tests/.venv/lib/python3.14/site-packages/selenium/webdriver/remote/webdriver.py\", line 446, in execute\n    self.error_handler.check_response(response)\n    ~~~~~~~~~~~~~~~~~~~~~~~~~~~~~~~~~^^^^^^^^^^\n  File \"/home/runner/work/testomat_tests/testomat_tests/.venv/lib/python3.14/site-packages/selenium/webdriver/remote/errorhandler.py\", line 232, in check_response\n    raise exception_class(message, screen, stacktrace)\n","steps":[],"attachments":[],"parameters":[{"name":"title","value":"'Region see write expect.'"}],"stepsCount":0,"shouldDisplayMessage":true,"attachmentsCount":0,"hasContent":true,"attachmentStep":false}],"attachments":[],"parameters":[],"stepsCount":16,"shouldDisplayMessage":true,"attachmentsCount":0,"hasContent":true,"attachmentStep":false},"afterStages":[],"labels":[{"name":"tag","value":"smoke"},{"name":"tag","value":"selenium"},{"name":"parentSuite","value":"tests.web.selenium.enterprise_plan"},{"name":"suite","value":"project_creation_test"},{"name":"host","value":"runnervmnay03"},{"name":"thread","value":"2397-MainThread"},{"name":"framework","value":"pytest"},{"name":"language","value":"cpython3"},{"name":"package","value":"tests.web.selenium.enterprise_plan.project_creation_test"},{"name":"resultFormat","value":"allure2"}],"parameters":[{"name":"email","value":"'env.EMAIL'"},{"name":"password","value":"'env.PASSWORD'"},{"name":"remember_me","value":"False"}],"links":[],"hidden":false,"retry":false,"extra":{"severity":"normal","retries":[],"categories":[{"name":"Test defects","matchedStatuses":[],"flaky":false}],"tags":["selenium","smoke"]},"source":"4408cfd02a82eae9.json","parameterValues":["'env.EMAIL'","'env.PASSWORD'","False"]}