{"uid":"a8efb639e0843260","name":"test_login_invalid[both_empty]","fullName":"tests.web.login_page_test#test_login_invalid","historyId":"8c26c94f07be3b15b19c12cdd68db15a","time":{"start":1772173831939,"stop":1772173838981,"duration":7042},"status":"failed","statusMessage":"AssertionError: Locator expected to be visible\nActual value: None\nError: element(s) not found \nCall log:\n  - Expect \"to_be_visible\" with timeout 5000ms\n  - waiting for locator(\"#content-desktop\").get_by_text(\"Invalid Email or password.\")","statusTrace":"tests/web/login_page_test.py:45: in test_login_invalid\n    shared_page.login_page.invalid_login_message_visible()\nsrc/web/pages/login_page.py:33: in invalid_login_message_visible\n    expect(self.page.locator(\"#content-desktop\").get_by_text(\"Invalid Email or password.\")).to_be_visible()\nE   AssertionError: Locator expected to be visible\nE   Actual value: None\nE   Error: element(s) not found \nE   Call log:\nE     - Expect \"to_be_visible\" with timeout 5000ms\nE     - waiting for locator(\"#content-desktop\").get_by_text(\"Invalid Email or password.\")","flaky":false,"newFailed":false,"newBroken":false,"newPassed":false,"retriesCount":0,"retriesStatusChange":false,"beforeStages":[],"testStage":{"status":"failed","statusMessage":"AssertionError: Locator expected to be visible\nActual value: None\nError: element(s) not found \nCall log:\n  - Expect \"to_be_visible\" with timeout 5000ms\n  - waiting for locator(\"#content-desktop\").get_by_text(\"Invalid Email or password.\")","statusTrace":"tests/web/login_page_test.py:45: in test_login_invalid\n    shared_page.login_page.invalid_login_message_visible()\nsrc/web/pages/login_page.py:33: in invalid_login_message_visible\n    expect(self.page.locator(\"#content-desktop\").get_by_text(\"Invalid Email or password.\")).to_be_visible()\nE   AssertionError: Locator expected to be visible\nE   Actual value: None\nE   Error: element(s) not found \nE   Call log:\nE     - Expect \"to_be_visible\" with timeout 5000ms\nE     - waiting for locator(\"#content-desktop\").get_by_text(\"Invalid Email or password.\")","steps":[{"name":"Open home page","time":{"start":1772173831939,"stop":1772173832728,"duration":789},"status":"passed","steps":[],"attachments":[],"parameters":[],"stepsCount":0,"shouldDisplayMessage":false,"attachmentsCount":0,"hasContent":false,"attachmentStep":false},{"name":"Verify home page is loaded","time":{"start":1772173832728,"stop":1772173832923,"duration":195},"status":"passed","steps":[],"attachments":[],"parameters":[],"stepsCount":0,"shouldDisplayMessage":false,"attachmentsCount":0,"hasContent":false,"attachmentStep":false},{"name":"Click login on home page","time":{"start":1772173832923,"stop":1772173833086,"duration":163},"status":"passed","steps":[],"attachments":[],"parameters":[],"stepsCount":0,"shouldDisplayMessage":false,"attachmentsCount":0,"hasContent":false,"attachmentStep":false},{"name":"Open login page","time":{"start":1772173833086,"stop":1772173833660,"duration":574},"status":"passed","steps":[],"attachments":[],"parameters":[],"stepsCount":0,"shouldDisplayMessage":false,"attachmentsCount":0,"hasContent":false,"attachmentStep":false},{"name":"Verify login page is loaded","time":{"start":1772173833660,"stop":1772173833699,"duration":39},"status":"passed","steps":[],"attachments":[],"parameters":[],"stepsCount":0,"shouldDisplayMessage":false,"attachmentsCount":0,"hasContent":false,"attachmentStep":false},{"name":"Login user with credentials","time":{"start":1772173833699,"stop":1772173833965,"duration":266},"status":"passed","steps":[],"attachments":[],"parameters":[],"stepsCount":0,"shouldDisplayMessage":false,"attachmentsCount":0,"hasContent":false,"attachmentStep":false},{"name":"Verify invalid login message is visible","time":{"start":1772173833965,"stop":1772173838979,"duration":5014},"status":"failed","statusMessage":"AssertionError: Locator expected to be visible\nActual value: None\nError: element(s) not found \nCall log:\n  - Expect \"to_be_visible\" with timeout 5000ms\n  - waiting for locator(\"#content-desktop\").get_by_text(\"Invalid Email or password.\")\n\n","statusTrace":"  File \"/home/runner/work/testomat_tests/testomat_tests/.venv/lib/python3.14/site-packages/allure_commons/_allure.py\", line 202, in impl\n    return func(*a, **kw)\n  File \"/home/runner/work/testomat_tests/testomat_tests/src/web/pages/login_page.py\", line 33, in invalid_login_message_visible\n    expect(self.page.locator(\"#content-desktop\").get_by_text(\"Invalid Email or password.\")).to_be_visible()\n    ~~~~~~~~~~~~~~~~~~~~~~~~~~~~~~~~~~~~~~~~~~~~~~~~~~~~~~~~~~~~~~~~~~~~~~~~~~~~~~~~~~~~~~~~~~~~~~~~~~~~~^^\n  File \"/home/runner/work/testomat_tests/testomat_tests/.venv/lib/python3.14/site-packages/playwright/sync_api/_generated.py\", line 20523, in to_be_visible\n    self._sync(self._impl_obj.to_be_visible(visible=visible, timeout=timeout))\n    ~~~~~~~~~~^^^^^^^^^^^^^^^^^^^^^^^^^^^^^^^^^^^^^^^^^^^^^^^^^^^^^^^^^^^^^^^^\n  File \"/home/runner/work/testomat_tests/testomat_tests/.venv/lib/python3.14/site-packages/playwright/_impl/_sync_base.py\", line 115, in _sync\n    return task.result()\n           ~~~~~~~~~~~^^\n  File \"/home/runner/work/testomat_tests/testomat_tests/.venv/lib/python3.14/site-packages/playwright/_impl/_assertions.py\", line 765, in to_be_visible\n    await self._expect_impl(\n    ...<5 lines>...\n    )\n  File \"/home/runner/work/testomat_tests/testomat_tests/.venv/lib/python3.14/site-packages/playwright/_impl/_assertions.py\", line 85, in _expect_impl\n    raise AssertionError(\n        f\"{out_message}\\nActual value: {actual}{error_message} {format_call_log(result.get('log'))}\"\n    )\n","steps":[],"attachments":[],"parameters":[],"stepsCount":0,"shouldDisplayMessage":true,"attachmentsCount":0,"hasContent":true,"attachmentStep":false}],"attachments":[],"parameters":[],"stepsCount":7,"shouldDisplayMessage":true,"attachmentsCount":0,"hasContent":true,"attachmentStep":false},"afterStages":[],"labels":[{"name":"tag","value":"web"},{"name":"tag","value":"smoke"},{"name":"parentSuite","value":"tests.web"},{"name":"suite","value":"login_page_test"},{"name":"host","value":"runnervmnay03"},{"name":"thread","value":"3154-MainThread"},{"name":"framework","value":"pytest"},{"name":"language","value":"cpython3"},{"name":"package","value":"tests.web.login_page_test"},{"name":"resultFormat","value":"allure2"}],"parameters":[{"name":"email","value":"'env.EMAIL'"},{"name":"password","value":"'env.PASSWORD'"},{"name":"remember_me","value":"False"}],"links":[],"hidden":false,"retry":false,"extra":{"severity":"normal","retries":[],"categories":[{"name":"Product defects","matchedStatuses":[],"flaky":false}],"tags":["web","smoke"]},"source":"a8efb639e0843260.json","parameterValues":["'env.EMAIL'","'env.PASSWORD'","False"]}