{"uid":"c66d3f33eff5398c","name":"test_delete_creation_project","fullName":"tests.web.selenium.enterprise_plan.test_delete_project#test_delete_creation_project","historyId":"85da55210e4af2d66e09070f1adb2b92","time":{"start":1772173785982,"stop":1772173785982,"duration":0},"status":"broken","statusMessage":"selenium.common.exceptions.TimeoutException: Message: \nStacktrace:\n#0 0x55e2129cab6a <unknown>\n#1 0x55e2123dda32 <unknown>\n#2 0x55e212432d66 <unknown>\n#3 0x55e212432fa1 <unknown>\n#4 0x55e21247e144 <unknown>\n#5 0x55e21247b369 <unknown>\n#6 0x55e212424c0f <unknown>\n#7 0x55e2124259d1 <unknown>\n#8 0x55e21298f6b9 <unknown>\n#9 0x55e2129925c1 <unknown>\n#10 0x55e21297be29 <unknown>\n#11 0x55e21299317e <unknown>\n#12 0x55e2129624b0 <unknown>\n#13 0x55e2129b7578 <unknown>\n#14 0x55e2129b774b <unknown>\n#15 0x55e2129c91a3 <unknown>\n#16 0x7f347389caa4 <unknown>\n#17 0x7f3473929c6c <unknown>","statusTrace":"tests/fixtures/selenium.py:100: in created_project_selenium\n    .is_loaded_empty_project()\n     ^^^^^^^^^^^^^^^^^^^^^^^^^\nsrc/web/selenium/pages/project_page.py:63: in is_loaded_empty_project\n    self.wait.for_visible(self.HEADER)\nsrc/web/selenium/core/waits.py:32: in for_visible\n    return self._wait.until(EC.visibility_of_element_located(target))\n           ^^^^^^^^^^^^^^^^^^^^^^^^^^^^^^^^^^^^^^^^^^^^^^^^^^^^^^^^^^\n.venv/lib/python3.14/site-packages/selenium/webdriver/support/wait.py:121: in until\n    raise TimeoutException(message, screen, stacktrace)\nE   selenium.common.exceptions.TimeoutException: Message: \nE   Stacktrace:\nE   #0 0x55e2129cab6a <unknown>\nE   #1 0x55e2123dda32 <unknown>\nE   #2 0x55e212432d66 <unknown>\nE   #3 0x55e212432fa1 <unknown>\nE   #4 0x55e21247e144 <unknown>\nE   #5 0x55e21247b369 <unknown>\nE   #6 0x55e212424c0f <unknown>\nE   #7 0x55e2124259d1 <unknown>\nE   #8 0x55e21298f6b9 <unknown>\nE   #9 0x55e2129925c1 <unknown>\nE   #10 0x55e21297be29 <unknown>\nE   #11 0x55e21299317e <unknown>\nE   #12 0x55e2129624b0 <unknown>\nE   #13 0x55e2129b7578 <unknown>\nE   #14 0x55e2129b774b <unknown>\nE   #15 0x55e2129c91a3 <unknown>\nE   #16 0x7f347389caa4 <unknown>\nE   #17 0x7f3473929c6c <unknown>","flaky":false,"newFailed":false,"newBroken":false,"newPassed":false,"retriesCount":0,"retriesStatusChange":false,"beforeStages":[{"name":"created_project_selenium","time":{"start":1772173793815,"stop":1772173810212,"duration":16397},"status":"broken","statusMessage":"selenium.common.exceptions.TimeoutException: Message: \nStacktrace:\n#0 0x55e2129cab6a <unknown>\n#1 0x55e2123dda32 <unknown>\n#2 0x55e212432d66 <unknown>\n#3 0x55e212432fa1 <unknown>\n#4 0x55e21247e144 <unknown>\n#5 0x55e21247b369 <unknown>\n#6 0x55e212424c0f <unknown>\n#7 0x55e2124259d1 <unknown>\n#8 0x55e21298f6b9 <unknown>\n#9 0x55e2129925c1 <unknown>\n#10 0x55e21297be29 <unknown>\n#11 0x55e21299317e <unknown>\n#12 0x55e2129624b0 <unknown>\n#13 0x55e2129b7578 <unknown>\n#14 0x55e2129b774b <unknown>\n#15 0x55e2129c91a3 <unknown>\n#16 0x7f347389caa4 <unknown>\n#17 0x7f3473929c6c <unknown>\n\n","statusTrace":"  File \"/home/runner/work/testomat_tests/testomat_tests/.venv/lib/python3.14/site-packages/pluggy/_callers.py\", line 38, in run_old_style_hookwrapper\n    res = yield\n          ^^^^^\n  File \"/home/runner/work/testomat_tests/testomat_tests/.venv/lib/python3.14/site-packages/pluggy/_callers.py\", line 139, in _multicall\n    teardown.throw(exception)\n    ~~~~~~~~~~~~~~^^^^^^^^^^^\n  File \"/home/runner/work/testomat_tests/testomat_tests/.venv/lib/python3.14/site-packages/pluggy/_callers.py\", line 53, in run_old_style_hookwrapper\n    return result.get_result()\n           ~~~~~~~~~~~~~~~~~^^\n  File \"/home/runner/work/testomat_tests/testomat_tests/.venv/lib/python3.14/site-packages/pluggy/_result.py\", line 103, in get_result\n    raise exc.with_traceback(tb)\n  File \"/home/runner/work/testomat_tests/testomat_tests/.venv/lib/python3.14/site-packages/pluggy/_callers.py\", line 38, in run_old_style_hookwrapper\n    res = yield\n          ^^^^^\n  File \"/home/runner/work/testomat_tests/testomat_tests/.venv/lib/python3.14/site-packages/pluggy/_callers.py\", line 139, in _multicall\n    teardown.throw(exception)\n    ~~~~~~~~~~~~~~^^^^^^^^^^^\n  File \"/home/runner/work/testomat_tests/testomat_tests/.venv/lib/python3.14/site-packages/_pytest/setuponly.py\", line 36, in pytest_fixture_setup\n    return (yield)\n            ^^^^^\n  File \"/home/runner/work/testomat_tests/testomat_tests/.venv/lib/python3.14/site-packages/pluggy/_callers.py\", line 121, in _multicall\n    res = hook_impl.function(*args)\n  File \"/home/runner/work/testomat_tests/testomat_tests/.venv/lib/python3.14/site-packages/_pytest/fixtures.py\", line 1202, in pytest_fixture_setup\n    result = call_fixture_func(fixturefunc, request, kwargs)\n  File \"/home/runner/work/testomat_tests/testomat_tests/.venv/lib/python3.14/site-packages/_pytest/fixtures.py\", line 915, in call_fixture_func\n    fixture_result = fixturefunc(**kwargs)\n  File \"/home/runner/work/testomat_tests/testomat_tests/tests/fixtures/selenium.py\", line 100, in created_project_selenium\n    .is_loaded_empty_project()\n     ~~~~~~~~~~~~~~~~~~~~~~~^^\n  File \"/home/runner/work/testomat_tests/testomat_tests/.venv/lib/python3.14/site-packages/allure_commons/_allure.py\", line 202, in impl\n    return func(*a, **kw)\n  File \"/home/runner/work/testomat_tests/testomat_tests/src/web/selenium/pages/project_page.py\", line 63, in is_loaded_empty_project\n    self.wait.for_visible(self.HEADER)\n    ~~~~~~~~~~~~~~~~~~~~~^^^^^^^^^^^^^\n  File \"/home/runner/work/testomat_tests/testomat_tests/src/web/selenium/core/waits.py\", line 32, in for_visible\n    return self._wait.until(EC.visibility_of_element_located(target))\n           ~~~~~~~~~~~~~~~~^^^^^^^^^^^^^^^^^^^^^^^^^^^^^^^^^^^^^^^^^^\n  File \"/home/runner/work/testomat_tests/testomat_tests/.venv/lib/python3.14/site-packages/selenium/webdriver/support/wait.py\", line 121, in until\n    raise TimeoutException(message, screen, stacktrace)\n","steps":[{"name":"Open new project page","time":{"start":1772173793817,"stop":1772173794380,"duration":563},"status":"passed","steps":[],"attachments":[],"parameters":[],"stepsCount":0,"shouldDisplayMessage":false,"attachmentsCount":0,"hasContent":false,"attachmentStep":false},{"name":"Verify new project page is loaded","time":{"start":1772173794380,"stop":1772173794477,"duration":97},"status":"passed","steps":[],"attachments":[],"parameters":[],"stepsCount":0,"shouldDisplayMessage":false,"attachmentsCount":0,"hasContent":false,"attachmentStep":false},{"name":"Fill project title: 'Graham, Lewis and Hobbs'","time":{"start":1772173794477,"stop":1772173794613,"duration":136},"status":"passed","steps":[],"attachments":[],"parameters":[{"name":"target_project_name","value":"'Graham, Lewis and Hobbs'"}],"stepsCount":0,"shouldDisplayMessage":false,"attachmentsCount":0,"hasContent":true,"attachmentStep":false},{"name":"Click create project","time":{"start":1772173794613,"stop":1772173795157,"duration":544},"status":"passed","steps":[],"attachments":[],"parameters":[],"stepsCount":0,"shouldDisplayMessage":false,"attachmentsCount":0,"hasContent":false,"attachmentStep":false},{"name":"Verify empty project is loaded","time":{"start":1772173795157,"stop":1772173810211,"duration":15054},"status":"broken","statusMessage":"selenium.common.exceptions.TimeoutException: Message: \nStacktrace:\n#0 0x55e2129cab6a <unknown>\n#1 0x55e2123dda32 <unknown>\n#2 0x55e212432d66 <unknown>\n#3 0x55e212432fa1 <unknown>\n#4 0x55e21247e144 <unknown>\n#5 0x55e21247b369 <unknown>\n#6 0x55e212424c0f <unknown>\n#7 0x55e2124259d1 <unknown>\n#8 0x55e21298f6b9 <unknown>\n#9 0x55e2129925c1 <unknown>\n#10 0x55e21297be29 <unknown>\n#11 0x55e21299317e <unknown>\n#12 0x55e2129624b0 <unknown>\n#13 0x55e2129b7578 <unknown>\n#14 0x55e2129b774b <unknown>\n#15 0x55e2129c91a3 <unknown>\n#16 0x7f347389caa4 <unknown>\n#17 0x7f3473929c6c <unknown>\n\n","statusTrace":"  File \"/home/runner/work/testomat_tests/testomat_tests/.venv/lib/python3.14/site-packages/allure_commons/_allure.py\", line 202, in impl\n    return func(*a, **kw)\n  File \"/home/runner/work/testomat_tests/testomat_tests/src/web/selenium/pages/project_page.py\", line 63, in is_loaded_empty_project\n    self.wait.for_visible(self.HEADER)\n    ~~~~~~~~~~~~~~~~~~~~~^^^^^^^^^^^^^\n  File \"/home/runner/work/testomat_tests/testomat_tests/src/web/selenium/core/waits.py\", line 32, in for_visible\n    return self._wait.until(EC.visibility_of_element_located(target))\n           ~~~~~~~~~~~~~~~~^^^^^^^^^^^^^^^^^^^^^^^^^^^^^^^^^^^^^^^^^^\n  File \"/home/runner/work/testomat_tests/testomat_tests/.venv/lib/python3.14/site-packages/selenium/webdriver/support/wait.py\", line 121, in until\n    raise TimeoutException(message, screen, stacktrace)\n","steps":[],"attachments":[],"parameters":[],"stepsCount":0,"shouldDisplayMessage":true,"attachmentsCount":0,"hasContent":true,"attachmentStep":false}],"attachments":[],"parameters":[],"stepsCount":5,"shouldDisplayMessage":false,"attachmentsCount":0,"hasContent":true,"attachmentStep":false}],"afterStages":[],"labels":[{"name":"tag","value":"regression"},{"name":"tag","value":"selenium"},{"name":"parentSuite","value":"tests.web.selenium.enterprise_plan"},{"name":"suite","value":"test_delete_project"},{"name":"host","value":"runnervmnay03"},{"name":"thread","value":"2434-MainThread"},{"name":"framework","value":"pytest"},{"name":"language","value":"cpython3"},{"name":"package","value":"tests.web.selenium.enterprise_plan.test_delete_project"},{"name":"resultFormat","value":"allure2"}],"parameters":[{"name":"email","value":"'env.EMAIL'"},{"name":"password","value":"'env.PASSWORD'"},{"name":"remember_me","value":"False"}],"links":[],"hidden":false,"retry":false,"extra":{"severity":"normal","retries":[],"categories":[{"name":"Test defects","matchedStatuses":[],"flaky":false}],"tags":["selenium","regression"]},"source":"c66d3f33eff5398c.json","parameterValues":["'env.EMAIL'","'env.PASSWORD'","False"]}