{"id":"171a8e46c441b179175a1421c68d9748","name":"test_new_project_creation_and_test_popup","start":1772182688306,"stop":1772182697165,"duration":8859,"status":"broken","fullName":"tests.web.selenium.enterprise_plan.project_creation_test#test_new_project_creation_and_test_popup","historyId":"b27c81479dd48aa1ba49355102c40754.aaedd9f4c7b71e506e6b490c57865d29","flaky":false,"muted":false,"known":false,"hidden":false,"labels":[{"name":"tag","value":"smoke"},{"name":"tag","value":"selenium"},{"name":"parentSuite","value":"tests.web.selenium.enterprise_plan"},{"name":"suite","value":"project_creation_test"},{"name":"host","value":"runnervmnay03"},{"name":"thread","value":"2404-MainThread"},{"name":"framework","value":"pytest"},{"name":"language","value":"cpython3"},{"name":"package","value":"tests.web.selenium.enterprise_plan.project_creation_test"}],"groupedLabels":{"tag":["smoke","selenium"],"parentSuite":["tests.web.selenium.enterprise_plan"],"suite":["project_creation_test"],"host":["runnervmnay03"],"thread":["2404-MainThread"],"framework":["pytest"],"language":["cpython3"],"package":["tests.web.selenium.enterprise_plan.project_creation_test"]},"parameters":[{"name":"email","value":"'env.EMAIL'","hidden":false,"excluded":false,"masked":false},{"name":"password","value":"'env.PASSWORD'","hidden":false,"excluded":false,"masked":false},{"name":"remember_me","value":"False","hidden":false,"excluded":false,"masked":false}],"links":[],"steps":[{"stepId":"22fa7b9a56c07b5a3bbc5ef7da5449b6","name":"Open new project page","status":"passed","steps":[],"parameters":[],"start":1772182688308,"stop":1772182688932,"duration":624,"type":"step","hasSimilarErrorInSubSteps":false},{"stepId":"559e65d80ed6e470ae4335f44bc35b74","name":"Verify new project page is loaded","status":"passed","steps":[],"parameters":[],"start":1772182688932,"stop":1772182689024,"duration":92,"type":"step","hasSimilarErrorInSubSteps":false},{"stepId":"3bcce677f0458a87556d24e0996ecbb0","name":"Fill project title: 'Lee, Curry and Burke'","status":"passed","steps":[],"parameters":[{"name":"target_project_name","value":"'Lee, Curry and Burke'","hidden":false,"excluded":false,"masked":false}],"start":1772182689024,"stop":1772182689166,"duration":142,"type":"step","hasSimilarErrorInSubSteps":false},{"stepId":"2d52172239b4b390e44d7ac829caa8b5","name":"Click create project","status":"passed","steps":[],"parameters":[],"start":1772182689166,"stop":1772182694194,"duration":5028,"type":"step","hasSimilarErrorInSubSteps":false},{"stepId":"1e4e338d16024215270d246643cc7b37","name":"Verify empty project is loaded","status":"passed","steps":[],"parameters":[],"start":1772182694194,"stop":1772182694785,"duration":591,"type":"step","hasSimilarErrorInSubSteps":false},{"stepId":"eba1d72f9027e1103d7f72870846fda0","name":"Verify project name is: 'Lee, Curry and Burke'","status":"passed","steps":[],"parameters":[{"name":"expected_project_name","value":"'Lee, Curry and Burke'","hidden":false,"excluded":false,"masked":false}],"start":1772182694785,"stop":1772182694825,"duration":40,"type":"step","hasSimilarErrorInSubSteps":false},{"stepId":"fd57c1316646d27d96f0da479c56ca5e","name":"Close read me panel","status":"passed","steps":[],"parameters":[],"start":1772182694825,"stop":1772182694958,"duration":133,"type":"step","hasSimilarErrorInSubSteps":false},{"stepId":"d33413272421b8da24784a7ec75cecba","name":"Verify sidebar is loaded","status":"passed","steps":[],"parameters":[],"start":1772182694958,"stop":1772182695253,"duration":295,"type":"step","hasSimilarErrorInSubSteps":false},{"stepId":"448a1459004f5b5576d394ce649baf0a","name":"Click sidebar logo","status":"passed","steps":[],"parameters":[],"start":1772182695253,"stop":1772182695370,"duration":117,"type":"step","hasSimilarErrorInSubSteps":false},{"stepId":"b7e051709395e1df18581a1d94f02306","name":"Verify sidebar active tab is: 'Tests'","status":"passed","steps":[],"parameters":[{"name":"name","value":"'Tests'","hidden":false,"excluded":false,"masked":false}],"start":1772182695370,"stop":1772182695390,"duration":20,"type":"step","hasSimilarErrorInSubSteps":false},{"stepId":"1a9bc9f73139db13f82346d1022365fe","name":"Create first suite: 'Byrd, Morales and Pratt'","status":"passed","steps":[],"parameters":[{"name":"target_suite_name","value":"'Byrd, Morales and Pratt'","hidden":false,"excluded":false,"masked":false}],"start":1772182695391,"stop":1772182695605,"duration":214,"type":"step","hasSimilarErrorInSubSteps":false},{"stepId":"7b7ba99b1d335d6beb730e3fa8d8b8a1","name":"Create test via popup","status":"passed","steps":[],"parameters":[],"start":1772182695605,"stop":1772182696380,"duration":775,"type":"step","hasSimilarErrorInSubSteps":false},{"stepId":"e6dd7e45cc69e97c4879ba64c7668c34","name":"Verify new suite selector is loaded","status":"passed","steps":[],"parameters":[],"start":1772182696380,"stop":1772182696628,"duration":248,"type":"step","hasSimilarErrorInSubSteps":false},{"stepId":"8d8e2d95ce760e439e8e07eadcbbf9b4","name":"Select first suite","status":"passed","steps":[],"parameters":[],"start":1772182696628,"stop":1772182696831,"duration":203,"type":"step","hasSimilarErrorInSubSteps":false},{"stepId":"514f3b8c7d3ea6cd5b9670eadc1e2cdc","name":"Verify test modal is loaded for: 'Test'","status":"passed","steps":[],"parameters":[{"name":"artifact_type","value":"'Test'","hidden":false,"excluded":false,"masked":false}],"start":1772182696833,"stop":1772182696898,"duration":65,"type":"step","hasSimilarErrorInSubSteps":false},{"stepId":"d5dfe9969288a728d20a7ffdabbe6615","name":"Set modal title: 'Long better attention hard item.'","status":"broken","steps":[],"parameters":[{"name":"title","value":"'Long better attention hard item.'","hidden":false,"excluded":false,"masked":false}],"start":1772182696898,"stop":1772182697162,"duration":264,"type":"step","message":"selenium.common.exceptions.StaleElementReferenceException: Message: stale element reference: stale element not found in the current frame\n  (Session info: chrome=145.0.7632.116); For documentation on this error, please visit: https://www.selenium.dev/documentation/webdriver/troubleshooting/errors#staleelementreferenceexception\nStacktrace:\n#0 0x564a22ed9b6a <unknown>\n#1 0x564a228eca32 <unknown>\n#2 0x564a228f3b62 <unknown>\n#3 0x564a228f63d9 <unknown>\n#4 0x564a228f6483 <unknown>\n#5 0x564a2294648e <unknown>\n#6 0x564a22944199 <unknown>\n#7 0x564a22943297 <unknown>\n#8 0x564a22935cd2 <unknown>\n#9 0x564a22935617 <unknown>\n#10 0x564a2298a369 <unknown>\n#11 0x564a22933c0f <unknown>\n#12 0x564a229349d1 <unknown>\n#13 0x564a22e9e6b9 <unknown>\n#14 0x564a22ea15c1 <unknown>\n#15 0x564a22e8ae29 <unknown>\n#16 0x564a22ea217e <unknown>\n#17 0x564a22e714b0 <unknown>\n#18 0x564a22ec6578 <unknown>\n#19 0x564a22ec674b <unknown>\n#20 0x564a22ed81a3 <unknown>\n#21 0x7f01c549caa4 <unknown>\n#22 0x7f01c5529c6c <unknown>\n\n","trace":"  File \"/home/runner/work/testomat_tests/testomat_tests/.venv/lib/python3.14/site-packages/allure_commons/_allure.py\", line 202, in impl\n    return func(*a, **kw)\n  File \"/home/runner/work/testomat_tests/testomat_tests/src/web/selenium/components/test_modal.py\", line 31, in set_title\n    self.type_text(self.TITLE_INPUT, title)\n    ~~~~~~~~~~~~~~^^^^^^^^^^^^^^^^^^^^^^^^^\n  File \"/home/runner/work/testomat_tests/testomat_tests/src/web/selenium/core/base_page.py\", line 41, in type_text\n    element.click()\n    ~~~~~~~~~~~~~^^\n  File \"/home/runner/work/testomat_tests/testomat_tests/.venv/lib/python3.14/site-packages/selenium/webdriver/remote/webelement.py\", line 114, in click\n    self._execute(Command.CLICK_ELEMENT)\n    ~~~~~~~~~~~~~^^^^^^^^^^^^^^^^^^^^^^^\n  File \"/home/runner/work/testomat_tests/testomat_tests/.venv/lib/python3.14/site-packages/selenium/webdriver/remote/webelement.py\", line 508, in _execute\n    return self._parent.execute(command, params)\n           ~~~~~~~~~~~~~~~~~~~~^^^^^^^^^^^^^^^^^\n  File \"/home/runner/work/testomat_tests/testomat_tests/.venv/lib/python3.14/site-packages/selenium/webdriver/remote/webdriver.py\", line 446, in execute\n    self.error_handler.check_response(response)\n    ~~~~~~~~~~~~~~~~~~~~~~~~~~~~~~~~~^^^^^^^^^^\n  File \"/home/runner/work/testomat_tests/testomat_tests/.venv/lib/python3.14/site-packages/selenium/webdriver/remote/errorhandler.py\", line 232, in check_response\n    raise exception_class(message, screen, stacktrace)\n","hasSimilarErrorInSubSteps":false}],"error":{"message":"selenium.common.exceptions.StaleElementReferenceException: Message: stale element reference: stale element not found in the current frame\n  (Session info: chrome=145.0.7632.116); For documentation on this error, please visit: https://www.selenium.dev/documentation/webdriver/troubleshooting/errors#staleelementreferenceexception\nStacktrace:\n#0 0x564a22ed9b6a <unknown>\n#1 0x564a228eca32 <unknown>\n#2 0x564a228f3b62 <unknown>\n#3 0x564a228f63d9 <unknown>\n#4 0x564a228f6483 <unknown>\n#5 0x564a2294648e <unknown>\n#6 0x564a22944199 <unknown>\n#7 0x564a22943297 <unknown>\n#8 0x564a22935cd2 <unknown>\n#9 0x564a22935617 <unknown>\n#10 0x564a2298a369 <unknown>\n#11 0x564a22933c0f <unknown>\n#12 0x564a229349d1 <unknown>\n#13 0x564a22e9e6b9 <unknown>\n#14 0x564a22ea15c1 <unknown>\n#15 0x564a22e8ae29 <unknown>\n#16 0x564a22ea217e <unknown>\n#17 0x564a22e714b0 <unknown>\n#18 0x564a22ec6578 <unknown>\n#19 0x564a22ec674b <unknown>\n#20 0x564a22ed81a3 <unknown>\n#21 0x7f01c549caa4 <unknown>\n#22 0x7f01c5529c6c <unknown>","trace":"tests/web/selenium/enterprise_plan/project_creation_test.py:31: in test_new_project_creation_and_test_popup\n    project_page.test_modal.is_loaded(\"Test\").set_title(test_name).save()\n    ^^^^^^^^^^^^^^^^^^^^^^^^^^^^^^^^^^^^^^^^^^^^^^^^^^^^^^^^^^^^^^\nsrc/web/selenium/components/test_modal.py:31: in set_title\n    self.type_text(self.TITLE_INPUT, title)\nsrc/web/selenium/core/base_page.py:41: in type_text\n    element.click()\n.venv/lib/python3.14/site-packages/selenium/webdriver/remote/webelement.py:114: in click\n    self._execute(Command.CLICK_ELEMENT)\n.venv/lib/python3.14/site-packages/selenium/webdriver/remote/webelement.py:508: in _execute\n    return self._parent.execute(command, params)\n           ^^^^^^^^^^^^^^^^^^^^^^^^^^^^^^^^^^^^^\n.venv/lib/python3.14/site-packages/selenium/webdriver/remote/webdriver.py:446: in execute\n    self.error_handler.check_response(response)\n.venv/lib/python3.14/site-packages/selenium/webdriver/remote/errorhandler.py:232: in check_response\n    raise exception_class(message, screen, stacktrace)\nE   selenium.common.exceptions.StaleElementReferenceException: Message: stale element reference: stale element not found in the current frame\nE     (Session info: chrome=145.0.7632.116); For documentation on this error, please visit: https://www.selenium.dev/documentation/webdriver/troubleshooting/errors#staleelementreferenceexception\nE   Stacktrace:\nE   #0 0x564a22ed9b6a <unknown>\nE   #1 0x564a228eca32 <unknown>\nE   #2 0x564a228f3b62 <unknown>\nE   #3 0x564a228f63d9 <unknown>\nE   #4 0x564a228f6483 <unknown>\nE   #5 0x564a2294648e <unknown>\nE   #6 0x564a22944199 <unknown>\nE   #7 0x564a22943297 <unknown>\nE   #8 0x564a22935cd2 <unknown>\nE   #9 0x564a22935617 <unknown>\nE   #10 0x564a2298a369 <unknown>\nE   #11 0x564a22933c0f <unknown>\nE   #12 0x564a229349d1 <unknown>\nE   #13 0x564a22e9e6b9 <unknown>\nE   #14 0x564a22ea15c1 <unknown>\nE   #15 0x564a22e8ae29 <unknown>\nE   #16 0x564a22ea217e <unknown>\nE   #17 0x564a22e714b0 <unknown>\nE   #18 0x564a22ec6578 <unknown>\nE   #19 0x564a22ec674b <unknown>\nE   #20 0x564a22ed81a3 <unknown>\nE   #21 0x7f01c549caa4 <unknown>\nE   #22 0x7f01c5529c6c <unknown>"},"testCase":{"id":"b27c81479dd48aa1ba49355102c40754","name":"test_new_project_creation_and_test_popup","fullName":"tests.web.selenium.enterprise_plan.project_creation_test#test_new_project_creation_and_test_popup"},"environment":"default","setup":[],"teardown":[],"history":[],"retries":[],"breadcrumbs":[["tests.web.selenium.enterprise_plan","project_creation_test"]],"retry":false,"titlePath":["tests","web","selenium","enterprise_plan","project_creation_test.py"],"retriesCount":0,"attachments":[],"order":4}