{"id":"195caabaf5540edcd390c31d7e452c3f","name":"test_login_invalid[both_empty]","start":1772174211271,"stop":1772174217553,"duration":6282,"status":"failed","fullName":"tests.web.login_page_test#test_login_invalid","historyId":"c44850bddfc5f2c8a7a33cce19f3d8fc.aaedd9f4c7b71e506e6b490c57865d29","flaky":false,"muted":false,"known":false,"hidden":true,"labels":[{"name":"tag","value":"web"},{"name":"tag","value":"smoke"},{"name":"parentSuite","value":"tests.web"},{"name":"suite","value":"login_page_test"},{"name":"host","value":"runnervmnay03"},{"name":"thread","value":"3203-MainThread"},{"name":"framework","value":"pytest"},{"name":"language","value":"cpython3"},{"name":"package","value":"tests.web.login_page_test"}],"groupedLabels":{"tag":["web","smoke"],"parentSuite":["tests.web"],"suite":["login_page_test"],"host":["runnervmnay03"],"thread":["3203-MainThread"],"framework":["pytest"],"language":["cpython3"],"package":["tests.web.login_page_test"]},"parameters":[{"name":"email","value":"'env.EMAIL'","hidden":false,"excluded":false,"masked":false},{"name":"password","value":"'env.PASSWORD'","hidden":false,"excluded":false,"masked":false},{"name":"remember_me","value":"False","hidden":false,"excluded":false,"masked":false}],"links":[],"steps":[{"stepId":"f107e786e69313c638bed394c3a31ee4","name":"Open home page","status":"passed","steps":[],"parameters":[],"start":1772174211271,"stop":1772174211705,"duration":434,"type":"step","hasSimilarErrorInSubSteps":false},{"stepId":"e903b29ec36b54c9c04920c826b2a7e5","name":"Verify home page is loaded","status":"passed","steps":[],"parameters":[],"start":1772174211706,"stop":1772174211821,"duration":115,"type":"step","hasSimilarErrorInSubSteps":false},{"stepId":"6980f648a370ab6f9949ac17aee14214","name":"Click login on home page","status":"passed","steps":[],"parameters":[],"start":1772174211822,"stop":1772174211902,"duration":80,"type":"step","hasSimilarErrorInSubSteps":false},{"stepId":"98a296ac3c3a423cb76147ec191ca0d6","name":"Open login page","status":"passed","steps":[],"parameters":[],"start":1772174211902,"stop":1772174212267,"duration":365,"type":"step","hasSimilarErrorInSubSteps":false},{"stepId":"06355c03857914c1e137798235035cc7","name":"Verify login page is loaded","status":"passed","steps":[],"parameters":[],"start":1772174212267,"stop":1772174212315,"duration":48,"type":"step","hasSimilarErrorInSubSteps":false},{"stepId":"aa476f5138a307f16446278b8d2058de","name":"Login user with credentials","status":"passed","steps":[],"parameters":[],"start":1772174212315,"stop":1772174212549,"duration":234,"type":"step","hasSimilarErrorInSubSteps":false},{"stepId":"01cf1469090d1f84b520d1a0c14e3523","name":"Verify invalid login message is visible","status":"failed","steps":[],"parameters":[],"start":1772174212549,"stop":1772174217552,"duration":5003,"type":"step","message":"AssertionError: Locator expected to be visible\nActual value: None\nError: element(s) not found \nCall log:\n  - Expect \"to_be_visible\" with timeout 5000ms\n  - waiting for locator(\"#content-desktop\").get_by_text(\"Invalid Email or password.\")\n\n","trace":"  File \"/home/runner/work/testomat_tests/testomat_tests/.venv/lib/python3.14/site-packages/allure_commons/_allure.py\", line 202, in impl\n    return func(*a, **kw)\n  File \"/home/runner/work/testomat_tests/testomat_tests/src/web/pages/login_page.py\", line 33, in invalid_login_message_visible\n    expect(self.page.locator(\"#content-desktop\").get_by_text(\"Invalid Email or password.\")).to_be_visible()\n    ~~~~~~~~~~~~~~~~~~~~~~~~~~~~~~~~~~~~~~~~~~~~~~~~~~~~~~~~~~~~~~~~~~~~~~~~~~~~~~~~~~~~~~~~~~~~~~~~~~~~~^^\n  File \"/home/runner/work/testomat_tests/testomat_tests/.venv/lib/python3.14/site-packages/playwright/sync_api/_generated.py\", line 20523, in to_be_visible\n    self._sync(self._impl_obj.to_be_visible(visible=visible, timeout=timeout))\n    ~~~~~~~~~~^^^^^^^^^^^^^^^^^^^^^^^^^^^^^^^^^^^^^^^^^^^^^^^^^^^^^^^^^^^^^^^^\n  File \"/home/runner/work/testomat_tests/testomat_tests/.venv/lib/python3.14/site-packages/playwright/_impl/_sync_base.py\", line 115, in _sync\n    return task.result()\n           ~~~~~~~~~~~^^\n  File \"/home/runner/work/testomat_tests/testomat_tests/.venv/lib/python3.14/site-packages/playwright/_impl/_assertions.py\", line 765, in to_be_visible\n    await self._expect_impl(\n    ...<5 lines>...\n    )\n  File \"/home/runner/work/testomat_tests/testomat_tests/.venv/lib/python3.14/site-packages/playwright/_impl/_assertions.py\", line 85, in _expect_impl\n    raise AssertionError(\n        f\"{out_message}\\nActual value: {actual}{error_message} {format_call_log(result.get('log'))}\"\n    )\n","hasSimilarErrorInSubSteps":false}],"error":{"message":"AssertionError: Locator expected to be visible\nActual value: None\nError: element(s) not found \nCall log:\n  - Expect \"to_be_visible\" with timeout 5000ms\n  - waiting for locator(\"#content-desktop\").get_by_text(\"Invalid Email or password.\")","trace":"tests/web/login_page_test.py:45: in test_login_invalid\n    shared_page.login_page.invalid_login_message_visible()\nsrc/web/pages/login_page.py:33: in invalid_login_message_visible\n    expect(self.page.locator(\"#content-desktop\").get_by_text(\"Invalid Email or password.\")).to_be_visible()\nE   AssertionError: Locator expected to be visible\nE   Actual value: None\nE   Error: element(s) not found \nE   Call log:\nE     - Expect \"to_be_visible\" with timeout 5000ms\nE     - waiting for locator(\"#content-desktop\").get_by_text(\"Invalid Email or password.\")"},"testCase":{"id":"c44850bddfc5f2c8a7a33cce19f3d8fc","name":"test_login_invalid[xss_in_password]","fullName":"tests.web.login_page_test#test_login_invalid"},"environment":"default","setup":[],"teardown":[],"history":[],"retries":[],"breadcrumbs":[["tests.web","login_page_test"]],"retry":false,"titlePath":["tests","web","login_page_test.py"],"retriesCount":0,"attachments":[],"order":54}