{"id":"336bc2cb831b83a9a399673e6ddd2e70","name":"test_login_invalid[empty_email]","start":1772174217680,"stop":1772174225002,"duration":7322,"status":"failed","fullName":"tests.web.login_page_test#test_login_invalid","historyId":"c44850bddfc5f2c8a7a33cce19f3d8fc.aaedd9f4c7b71e506e6b490c57865d29","flaky":false,"muted":false,"known":false,"hidden":true,"labels":[{"name":"tag","value":"web"},{"name":"tag","value":"smoke"},{"name":"parentSuite","value":"tests.web"},{"name":"suite","value":"login_page_test"},{"name":"host","value":"runnervmnay03"},{"name":"thread","value":"3203-MainThread"},{"name":"framework","value":"pytest"},{"name":"language","value":"cpython3"},{"name":"package","value":"tests.web.login_page_test"}],"groupedLabels":{"tag":["web","smoke"],"parentSuite":["tests.web"],"suite":["login_page_test"],"host":["runnervmnay03"],"thread":["3203-MainThread"],"framework":["pytest"],"language":["cpython3"],"package":["tests.web.login_page_test"]},"parameters":[{"name":"email","value":"'env.EMAIL'","hidden":false,"excluded":false,"masked":false},{"name":"password","value":"'env.PASSWORD'","hidden":false,"excluded":false,"masked":false},{"name":"remember_me","value":"False","hidden":false,"excluded":false,"masked":false}],"links":[],"steps":[{"stepId":"8feca018edd557a4ed785b1a17deaf61","name":"Open home page","status":"passed","steps":[],"parameters":[],"start":1772174217680,"stop":1772174218669,"duration":989,"type":"step","hasSimilarErrorInSubSteps":false},{"stepId":"cb9a784879a06d7c2c9e5354932c0fe0","name":"Verify home page is loaded","status":"passed","steps":[],"parameters":[],"start":1772174218670,"stop":1772174218884,"duration":214,"type":"step","hasSimilarErrorInSubSteps":false},{"stepId":"be71168c2788afc52d847f4b4b30715f","name":"Click login on home page","status":"passed","steps":[],"parameters":[],"start":1772174218884,"stop":1772174218976,"duration":92,"type":"step","hasSimilarErrorInSubSteps":false},{"stepId":"a18a6e40d154e9845b84b929596b2a2f","name":"Open login page","status":"passed","steps":[],"parameters":[],"start":1772174218976,"stop":1772174219646,"duration":670,"type":"step","hasSimilarErrorInSubSteps":false},{"stepId":"837cdb5100823150a34f74228622cedb","name":"Verify login page is loaded","status":"passed","steps":[],"parameters":[],"start":1772174219646,"stop":1772174219680,"duration":34,"type":"step","hasSimilarErrorInSubSteps":false},{"stepId":"c1329602e8e37917a51e7bb616819e2a","name":"Login user with credentials","status":"passed","steps":[],"parameters":[],"start":1772174219680,"stop":1772174219996,"duration":316,"type":"step","hasSimilarErrorInSubSteps":false},{"stepId":"82421c3b336010dd1a200ef5efb359ef","name":"Verify invalid login message is visible","status":"failed","steps":[],"parameters":[],"start":1772174219996,"stop":1772174225000,"duration":5004,"type":"step","message":"AssertionError: Locator expected to be visible\nActual value: None\nError: element(s) not found \nCall log:\n  - Expect \"to_be_visible\" with timeout 5000ms\n  - waiting for locator(\"#content-desktop\").get_by_text(\"Invalid Email or password.\")\n\n","trace":"  File \"/home/runner/work/testomat_tests/testomat_tests/.venv/lib/python3.14/site-packages/allure_commons/_allure.py\", line 202, in impl\n    return func(*a, **kw)\n  File \"/home/runner/work/testomat_tests/testomat_tests/src/web/pages/login_page.py\", line 33, in invalid_login_message_visible\n    expect(self.page.locator(\"#content-desktop\").get_by_text(\"Invalid Email or password.\")).to_be_visible()\n    ~~~~~~~~~~~~~~~~~~~~~~~~~~~~~~~~~~~~~~~~~~~~~~~~~~~~~~~~~~~~~~~~~~~~~~~~~~~~~~~~~~~~~~~~~~~~~~~~~~~~~^^\n  File \"/home/runner/work/testomat_tests/testomat_tests/.venv/lib/python3.14/site-packages/playwright/sync_api/_generated.py\", line 20523, in to_be_visible\n    self._sync(self._impl_obj.to_be_visible(visible=visible, timeout=timeout))\n    ~~~~~~~~~~^^^^^^^^^^^^^^^^^^^^^^^^^^^^^^^^^^^^^^^^^^^^^^^^^^^^^^^^^^^^^^^^\n  File \"/home/runner/work/testomat_tests/testomat_tests/.venv/lib/python3.14/site-packages/playwright/_impl/_sync_base.py\", line 115, in _sync\n    return task.result()\n           ~~~~~~~~~~~^^\n  File \"/home/runner/work/testomat_tests/testomat_tests/.venv/lib/python3.14/site-packages/playwright/_impl/_assertions.py\", line 765, in to_be_visible\n    await self._expect_impl(\n    ...<5 lines>...\n    )\n  File \"/home/runner/work/testomat_tests/testomat_tests/.venv/lib/python3.14/site-packages/playwright/_impl/_assertions.py\", line 85, in _expect_impl\n    raise AssertionError(\n        f\"{out_message}\\nActual value: {actual}{error_message} {format_call_log(result.get('log'))}\"\n    )\n","hasSimilarErrorInSubSteps":false}],"error":{"message":"AssertionError: Locator expected to be visible\nActual value: None\nError: element(s) not found \nCall log:\n  - Expect \"to_be_visible\" with timeout 5000ms\n  - waiting for locator(\"#content-desktop\").get_by_text(\"Invalid Email or password.\")","trace":"tests/web/login_page_test.py:45: in test_login_invalid\n    shared_page.login_page.invalid_login_message_visible()\nsrc/web/pages/login_page.py:33: in invalid_login_message_visible\n    expect(self.page.locator(\"#content-desktop\").get_by_text(\"Invalid Email or password.\")).to_be_visible()\nE   AssertionError: Locator expected to be visible\nE   Actual value: None\nE   Error: element(s) not found \nE   Call log:\nE     - Expect \"to_be_visible\" with timeout 5000ms\nE     - waiting for locator(\"#content-desktop\").get_by_text(\"Invalid Email or password.\")"},"testCase":{"id":"c44850bddfc5f2c8a7a33cce19f3d8fc","name":"test_login_invalid[xss_in_password]","fullName":"tests.web.login_page_test#test_login_invalid"},"environment":"default","setup":[],"teardown":[],"history":[],"retries":[],"breadcrumbs":[["tests.web","login_page_test"]],"retry":false,"titlePath":["tests","web","login_page_test.py"],"retriesCount":0,"attachments":[],"order":62}