{"id":"66c7b1f660435add6bc787afbcb87845","name":"test_login_invalid[password_only_spaces]","start":1772182710200,"stop":1772182717056,"duration":6856,"status":"failed","fullName":"tests.web.login_page_test#test_login_invalid","historyId":"c44850bddfc5f2c8a7a33cce19f3d8fc.aaedd9f4c7b71e506e6b490c57865d29","flaky":false,"muted":false,"known":false,"hidden":true,"labels":[{"name":"tag","value":"web"},{"name":"tag","value":"smoke"},{"name":"parentSuite","value":"tests.web"},{"name":"suite","value":"login_page_test"},{"name":"host","value":"runnervmnay03"},{"name":"thread","value":"3086-MainThread"},{"name":"framework","value":"pytest"},{"name":"language","value":"cpython3"},{"name":"package","value":"tests.web.login_page_test"}],"groupedLabels":{"tag":["web","smoke"],"parentSuite":["tests.web"],"suite":["login_page_test"],"host":["runnervmnay03"],"thread":["3086-MainThread"],"framework":["pytest"],"language":["cpython3"],"package":["tests.web.login_page_test"]},"parameters":[{"name":"email","value":"'env.EMAIL'","hidden":false,"excluded":false,"masked":false},{"name":"password","value":"'env.PASSWORD'","hidden":false,"excluded":false,"masked":false},{"name":"remember_me","value":"False","hidden":false,"excluded":false,"masked":false}],"links":[],"steps":[{"stepId":"7fc67e1435bbeb0f635e61c6a4d7b51f","name":"Open home page","status":"passed","steps":[],"parameters":[],"start":1772182710201,"stop":1772182710674,"duration":473,"type":"step","hasSimilarErrorInSubSteps":false},{"stepId":"fb26dabdbd4acb908dd8764bfe856456","name":"Verify home page is loaded","status":"passed","steps":[],"parameters":[],"start":1772182710674,"stop":1772182710852,"duration":178,"type":"step","hasSimilarErrorInSubSteps":false},{"stepId":"6db8024e11bbd62f3d86def60190f330","name":"Click login on home page","status":"passed","steps":[],"parameters":[],"start":1772182710852,"stop":1772182710988,"duration":136,"type":"step","hasSimilarErrorInSubSteps":false},{"stepId":"c8cd57096e6b05c95046ab4140d68e72","name":"Open login page","status":"passed","steps":[],"parameters":[],"start":1772182710988,"stop":1772182711376,"duration":388,"type":"step","hasSimilarErrorInSubSteps":false},{"stepId":"62de1149e93e52c5c486e9fba49490f6","name":"Verify login page is loaded","status":"passed","steps":[],"parameters":[],"start":1772182711376,"stop":1772182711431,"duration":55,"type":"step","hasSimilarErrorInSubSteps":false},{"stepId":"68f3fad429fd9b5bc301aa1d47c08a20","name":"Login user with credentials","status":"passed","steps":[],"parameters":[],"start":1772182711431,"stop":1772182712052,"duration":621,"type":"step","hasSimilarErrorInSubSteps":false},{"stepId":"1a468bd01b3c3d7557dd70824607a85d","name":"Verify invalid login message is visible","status":"failed","steps":[],"parameters":[],"start":1772182712052,"stop":1772182717055,"duration":5003,"type":"step","message":"AssertionError: Locator expected to be visible\nActual value: None\nError: element(s) not found \nCall log:\n  - Expect \"to_be_visible\" with timeout 5000ms\n  - waiting for locator(\"#content-desktop\").get_by_text(\"Invalid Email or password.\")\n\n","trace":"  File \"/home/runner/work/testomat_tests/testomat_tests/.venv/lib/python3.14/site-packages/allure_commons/_allure.py\", line 202, in impl\n    return func(*a, **kw)\n  File \"/home/runner/work/testomat_tests/testomat_tests/src/web/pages/login_page.py\", line 33, in invalid_login_message_visible\n    expect(self.page.locator(\"#content-desktop\").get_by_text(\"Invalid Email or password.\")).to_be_visible()\n    ~~~~~~~~~~~~~~~~~~~~~~~~~~~~~~~~~~~~~~~~~~~~~~~~~~~~~~~~~~~~~~~~~~~~~~~~~~~~~~~~~~~~~~~~~~~~~~~~~~~~~^^\n  File \"/home/runner/work/testomat_tests/testomat_tests/.venv/lib/python3.14/site-packages/playwright/sync_api/_generated.py\", line 20523, in to_be_visible\n    self._sync(self._impl_obj.to_be_visible(visible=visible, timeout=timeout))\n    ~~~~~~~~~~^^^^^^^^^^^^^^^^^^^^^^^^^^^^^^^^^^^^^^^^^^^^^^^^^^^^^^^^^^^^^^^^\n  File \"/home/runner/work/testomat_tests/testomat_tests/.venv/lib/python3.14/site-packages/playwright/_impl/_sync_base.py\", line 115, in _sync\n    return task.result()\n           ~~~~~~~~~~~^^\n  File \"/home/runner/work/testomat_tests/testomat_tests/.venv/lib/python3.14/site-packages/playwright/_impl/_assertions.py\", line 765, in to_be_visible\n    await self._expect_impl(\n    ...<5 lines>...\n    )\n  File \"/home/runner/work/testomat_tests/testomat_tests/.venv/lib/python3.14/site-packages/playwright/_impl/_assertions.py\", line 85, in _expect_impl\n    raise AssertionError(\n        f\"{out_message}\\nActual value: {actual}{error_message} {format_call_log(result.get('log'))}\"\n    )\n","hasSimilarErrorInSubSteps":false}],"error":{"message":"AssertionError: Locator expected to be visible\nActual value: None\nError: element(s) not found \nCall log:\n  - Expect \"to_be_visible\" with timeout 5000ms\n  - waiting for locator(\"#content-desktop\").get_by_text(\"Invalid Email or password.\")","trace":"tests/web/login_page_test.py:45: in test_login_invalid\n    shared_page.login_page.invalid_login_message_visible()\nsrc/web/pages/login_page.py:33: in invalid_login_message_visible\n    expect(self.page.locator(\"#content-desktop\").get_by_text(\"Invalid Email or password.\")).to_be_visible()\nE   AssertionError: Locator expected to be visible\nE   Actual value: None\nE   Error: element(s) not found \nE   Call log:\nE     - Expect \"to_be_visible\" with timeout 5000ms\nE     - waiting for locator(\"#content-desktop\").get_by_text(\"Invalid Email or password.\")"},"testCase":{"id":"c44850bddfc5f2c8a7a33cce19f3d8fc","name":"test_login_invalid[min_valid_email_format]","fullName":"tests.web.login_page_test#test_login_invalid"},"environment":"default","setup":[],"teardown":[],"history":[],"retries":[],"breadcrumbs":[["tests.web","login_page_test"]],"retry":false,"titlePath":["tests","web","login_page_test.py"],"retriesCount":0,"attachments":[],"order":26}