{"id":"8d4bcd31ee238d2d19f760a1895577aa","name":"test_login_invalid[xss_in_password]","start":1772174236095,"stop":1772174242705,"duration":6610,"status":"failed","fullName":"tests.web.login_page_test#test_login_invalid","historyId":"c44850bddfc5f2c8a7a33cce19f3d8fc.aaedd9f4c7b71e506e6b490c57865d29","flaky":false,"muted":false,"known":false,"hidden":true,"labels":[{"name":"tag","value":"web"},{"name":"tag","value":"smoke"},{"name":"parentSuite","value":"tests.web"},{"name":"suite","value":"login_page_test"},{"name":"host","value":"runnervmnay03"},{"name":"thread","value":"3203-MainThread"},{"name":"framework","value":"pytest"},{"name":"language","value":"cpython3"},{"name":"package","value":"tests.web.login_page_test"}],"groupedLabels":{"tag":["web","smoke"],"parentSuite":["tests.web"],"suite":["login_page_test"],"host":["runnervmnay03"],"thread":["3203-MainThread"],"framework":["pytest"],"language":["cpython3"],"package":["tests.web.login_page_test"]},"parameters":[{"name":"email","value":"'env.EMAIL'","hidden":false,"excluded":false,"masked":false},{"name":"password","value":"'env.PASSWORD'","hidden":false,"excluded":false,"masked":false},{"name":"remember_me","value":"False","hidden":false,"excluded":false,"masked":false}],"links":[],"steps":[{"stepId":"a713ca5e5429f30755dee1a950d7a754","name":"Open home page","status":"passed","steps":[],"parameters":[],"start":1772174236095,"stop":1772174236765,"duration":670,"type":"step","hasSimilarErrorInSubSteps":false},{"stepId":"148e3e99c5398056922d3f8ed2becd90","name":"Verify home page is loaded","status":"passed","steps":[],"parameters":[],"start":1772174236765,"stop":1772174236873,"duration":108,"type":"step","hasSimilarErrorInSubSteps":false},{"stepId":"2012186fe8327ac9b2c8567404874f78","name":"Click login on home page","status":"passed","steps":[],"parameters":[],"start":1772174236873,"stop":1772174236931,"duration":58,"type":"step","hasSimilarErrorInSubSteps":false},{"stepId":"7848de7f7c8bea3df68a01606c0e2109","name":"Open login page","status":"passed","steps":[],"parameters":[],"start":1772174236931,"stop":1772174237449,"duration":518,"type":"step","hasSimilarErrorInSubSteps":false},{"stepId":"5c22a601b223c7246b41479d53072a92","name":"Verify login page is loaded","status":"passed","steps":[],"parameters":[],"start":1772174237449,"stop":1772174237463,"duration":14,"type":"step","hasSimilarErrorInSubSteps":false},{"stepId":"77595057899e2fb3c4eae7cf388c7151","name":"Login user with credentials","status":"passed","steps":[],"parameters":[],"start":1772174237463,"stop":1772174237701,"duration":238,"type":"step","hasSimilarErrorInSubSteps":false},{"stepId":"2acd0d0a20edecf8ec8d2eedd9f2ad53","name":"Verify invalid login message is visible","status":"failed","steps":[],"parameters":[],"start":1772174237701,"stop":1772174242704,"duration":5003,"type":"step","message":"AssertionError: Locator expected to be visible\nActual value: None\nError: element(s) not found \nCall log:\n  - Expect \"to_be_visible\" with timeout 5000ms\n  - waiting for locator(\"#content-desktop\").get_by_text(\"Invalid Email or password.\")\n\n","trace":"  File \"/home/runner/work/testomat_tests/testomat_tests/.venv/lib/python3.14/site-packages/allure_commons/_allure.py\", line 202, in impl\n    return func(*a, **kw)\n  File \"/home/runner/work/testomat_tests/testomat_tests/src/web/pages/login_page.py\", line 33, in invalid_login_message_visible\n    expect(self.page.locator(\"#content-desktop\").get_by_text(\"Invalid Email or password.\")).to_be_visible()\n    ~~~~~~~~~~~~~~~~~~~~~~~~~~~~~~~~~~~~~~~~~~~~~~~~~~~~~~~~~~~~~~~~~~~~~~~~~~~~~~~~~~~~~~~~~~~~~~~~~~~~~^^\n  File \"/home/runner/work/testomat_tests/testomat_tests/.venv/lib/python3.14/site-packages/playwright/sync_api/_generated.py\", line 20523, in to_be_visible\n    self._sync(self._impl_obj.to_be_visible(visible=visible, timeout=timeout))\n    ~~~~~~~~~~^^^^^^^^^^^^^^^^^^^^^^^^^^^^^^^^^^^^^^^^^^^^^^^^^^^^^^^^^^^^^^^^\n  File \"/home/runner/work/testomat_tests/testomat_tests/.venv/lib/python3.14/site-packages/playwright/_impl/_sync_base.py\", line 115, in _sync\n    return task.result()\n           ~~~~~~~~~~~^^\n  File \"/home/runner/work/testomat_tests/testomat_tests/.venv/lib/python3.14/site-packages/playwright/_impl/_assertions.py\", line 765, in to_be_visible\n    await self._expect_impl(\n    ...<5 lines>...\n    )\n  File \"/home/runner/work/testomat_tests/testomat_tests/.venv/lib/python3.14/site-packages/playwright/_impl/_assertions.py\", line 85, in _expect_impl\n    raise AssertionError(\n        f\"{out_message}\\nActual value: {actual}{error_message} {format_call_log(result.get('log'))}\"\n    )\n","hasSimilarErrorInSubSteps":false}],"error":{"message":"AssertionError: Locator expected to be visible\nActual value: None\nError: element(s) not found \nCall log:\n  - Expect \"to_be_visible\" with timeout 5000ms\n  - waiting for locator(\"#content-desktop\").get_by_text(\"Invalid Email or password.\")","trace":"tests/web/login_page_test.py:45: in test_login_invalid\n    shared_page.login_page.invalid_login_message_visible()\nsrc/web/pages/login_page.py:33: in invalid_login_message_visible\n    expect(self.page.locator(\"#content-desktop\").get_by_text(\"Invalid Email or password.\")).to_be_visible()\nE   AssertionError: Locator expected to be visible\nE   Actual value: None\nE   Error: element(s) not found \nE   Call log:\nE     - Expect \"to_be_visible\" with timeout 5000ms\nE     - waiting for locator(\"#content-desktop\").get_by_text(\"Invalid Email or password.\")"},"testCase":{"id":"c44850bddfc5f2c8a7a33cce19f3d8fc","name":"test_login_invalid[xss_in_password]","fullName":"tests.web.login_page_test#test_login_invalid"},"environment":"default","setup":[],"teardown":[],"history":[],"retries":[],"breadcrumbs":[["tests.web","login_page_test"]],"retry":false,"titlePath":["tests","web","login_page_test.py"],"retriesCount":0,"attachments":[],"order":74}