{"id":"a080681de398f33ca75a6dbe390aa142","name":"test_new_project_creation_and_test_popup","start":1772174200751,"stop":1772174210675,"duration":9924,"status":"broken","fullName":"tests.web.selenium.enterprise_plan.project_creation_test#test_new_project_creation_and_test_popup","historyId":"b27c81479dd48aa1ba49355102c40754.aaedd9f4c7b71e506e6b490c57865d29","flaky":false,"muted":false,"known":false,"hidden":false,"labels":[{"name":"tag","value":"smoke"},{"name":"tag","value":"selenium"},{"name":"parentSuite","value":"tests.web.selenium.enterprise_plan"},{"name":"suite","value":"project_creation_test"},{"name":"host","value":"runnervmnay03"},{"name":"thread","value":"2329-MainThread"},{"name":"framework","value":"pytest"},{"name":"language","value":"cpython3"},{"name":"package","value":"tests.web.selenium.enterprise_plan.project_creation_test"}],"groupedLabels":{"tag":["smoke","selenium"],"parentSuite":["tests.web.selenium.enterprise_plan"],"suite":["project_creation_test"],"host":["runnervmnay03"],"thread":["2329-MainThread"],"framework":["pytest"],"language":["cpython3"],"package":["tests.web.selenium.enterprise_plan.project_creation_test"]},"parameters":[{"name":"email","value":"'env.EMAIL'","hidden":false,"excluded":false,"masked":false},{"name":"password","value":"'env.PASSWORD'","hidden":false,"excluded":false,"masked":false},{"name":"remember_me","value":"False","hidden":false,"excluded":false,"masked":false}],"links":[],"steps":[{"stepId":"c51e4a13e55ddfc91fb6e0085f9603a0","name":"Open new project page","status":"passed","steps":[],"parameters":[],"start":1772174200753,"stop":1772174201995,"duration":1242,"type":"step","hasSimilarErrorInSubSteps":false},{"stepId":"52df6a8e7d208e2dc7339882329fb42c","name":"Verify new project page is loaded","status":"passed","steps":[],"parameters":[],"start":1772174201995,"stop":1772174202073,"duration":78,"type":"step","hasSimilarErrorInSubSteps":false},{"stepId":"047463f4a1c3907f791159c5b20e888b","name":"Fill project title: 'Vincent Inc'","status":"passed","steps":[],"parameters":[{"name":"target_project_name","value":"'Vincent Inc'","hidden":false,"excluded":false,"masked":false}],"start":1772174202073,"stop":1772174202165,"duration":92,"type":"step","hasSimilarErrorInSubSteps":false},{"stepId":"1a5d1f823cf1c50b5bf85f4ba77e1cc5","name":"Click create project","status":"passed","steps":[],"parameters":[],"start":1772174202166,"stop":1772174207383,"duration":5217,"type":"step","hasSimilarErrorInSubSteps":false},{"stepId":"bbd9ba5144690b1da1453def9b9643e1","name":"Verify empty project is loaded","status":"passed","steps":[],"parameters":[],"start":1772174207383,"stop":1772174208061,"duration":678,"type":"step","hasSimilarErrorInSubSteps":false},{"stepId":"977b2ae20f78bb4cb0f3cf5ab5799e39","name":"Verify project name is: 'Vincent Inc'","status":"passed","steps":[],"parameters":[{"name":"expected_project_name","value":"'Vincent Inc'","hidden":false,"excluded":false,"masked":false}],"start":1772174208061,"stop":1772174208089,"duration":28,"type":"step","hasSimilarErrorInSubSteps":false},{"stepId":"ac56af1e1c2f4d569a9c7de751536839","name":"Close read me panel","status":"passed","steps":[],"parameters":[],"start":1772174208089,"stop":1772174208190,"duration":101,"type":"step","hasSimilarErrorInSubSteps":false},{"stepId":"e0710468933280feb07581bba6680299","name":"Verify sidebar is loaded","status":"passed","steps":[],"parameters":[],"start":1772174208190,"stop":1772174208495,"duration":305,"type":"step","hasSimilarErrorInSubSteps":false},{"stepId":"55f7b511f0699bd2fc52c9e977c49a51","name":"Click sidebar logo","status":"passed","steps":[],"parameters":[],"start":1772174208495,"stop":1772174208559,"duration":64,"type":"step","hasSimilarErrorInSubSteps":false},{"stepId":"f4b1ee54c77391cdd9188658456d6f1b","name":"Verify sidebar active tab is: 'Tests'","status":"passed","steps":[],"parameters":[{"name":"name","value":"'Tests'","hidden":false,"excluded":false,"masked":false}],"start":1772174208559,"stop":1772174208587,"duration":28,"type":"step","hasSimilarErrorInSubSteps":false},{"stepId":"d6b8aec5ee31bed5690530f904f42fc3","name":"Create first suite: 'Rodriguez LLC'","status":"passed","steps":[],"parameters":[{"name":"target_suite_name","value":"'Rodriguez LLC'","hidden":false,"excluded":false,"masked":false}],"start":1772174208588,"stop":1772174208974,"duration":386,"type":"step","hasSimilarErrorInSubSteps":false},{"stepId":"f778dcdde2b03c3b47d3a0aa65edf00a","name":"Create test via popup","status":"passed","steps":[],"parameters":[],"start":1772174208974,"stop":1772174209766,"duration":792,"type":"step","hasSimilarErrorInSubSteps":false},{"stepId":"25deb3c7be57ba0cad6ea1262e7c5792","name":"Verify new suite selector is loaded","status":"passed","steps":[],"parameters":[],"start":1772174209766,"stop":1772174210026,"duration":260,"type":"step","hasSimilarErrorInSubSteps":false},{"stepId":"316360880905d2feb19fbe1f0b18daed","name":"Select first suite","status":"passed","steps":[],"parameters":[],"start":1772174210026,"stop":1772174210286,"duration":260,"type":"step","hasSimilarErrorInSubSteps":false},{"stepId":"ee94b9c628190b073bcd1f126d6fe27c","name":"Verify test modal is loaded for: 'Test'","status":"passed","steps":[],"parameters":[{"name":"artifact_type","value":"'Test'","hidden":false,"excluded":false,"masked":false}],"start":1772174210288,"stop":1772174210359,"duration":71,"type":"step","hasSimilarErrorInSubSteps":false},{"stepId":"f4228b8da9a70c23de1afe48ffec208e","name":"Set modal title: 'Matter list perhaps worker education.'","status":"broken","steps":[],"parameters":[{"name":"title","value":"'Matter list perhaps worker education.'","hidden":false,"excluded":false,"masked":false}],"start":1772174210360,"stop":1772174210672,"duration":312,"type":"step","message":"selenium.common.exceptions.StaleElementReferenceException: Message: stale element reference: stale element not found in the current frame\n  (Session info: chrome=145.0.7632.116); For documentation on this error, please visit: https://www.selenium.dev/documentation/webdriver/troubleshooting/errors#staleelementreferenceexception\nStacktrace:\n#0 0x55b637faab6a <unknown>\n#1 0x55b6379bda32 <unknown>\n#2 0x55b6379c4b62 <unknown>\n#3 0x55b6379c73d9 <unknown>\n#4 0x55b6379c7483 <unknown>\n#5 0x55b637a161e3 <unknown>\n#6 0x55b637a13df3 <unknown>\n#7 0x55b637a06cd2 <unknown>\n#8 0x55b637a06617 <unknown>\n#9 0x55b637a5b369 <unknown>\n#10 0x55b637a04c0f <unknown>\n#11 0x55b637a059d1 <unknown>\n#12 0x55b637f6f6b9 <unknown>\n#13 0x55b637f725c1 <unknown>\n#14 0x55b637f5be29 <unknown>\n#15 0x55b637f7317e <unknown>\n#16 0x55b637f424b0 <unknown>\n#17 0x55b637f97578 <unknown>\n#18 0x55b637f9774b <unknown>\n#19 0x55b637fa91a3 <unknown>\n#20 0x7f9447e9caa4 <unknown>\n#21 0x7f9447f29c6c <unknown>\n\n","trace":"  File \"/home/runner/work/testomat_tests/testomat_tests/.venv/lib/python3.14/site-packages/allure_commons/_allure.py\", line 202, in impl\n    return func(*a, **kw)\n  File \"/home/runner/work/testomat_tests/testomat_tests/src/web/selenium/components/test_modal.py\", line 31, in set_title\n    self.type_text(self.TITLE_INPUT, title)\n    ~~~~~~~~~~~~~~^^^^^^^^^^^^^^^^^^^^^^^^^\n  File \"/home/runner/work/testomat_tests/testomat_tests/src/web/selenium/core/base_page.py\", line 41, in type_text\n    element.click()\n    ~~~~~~~~~~~~~^^\n  File \"/home/runner/work/testomat_tests/testomat_tests/.venv/lib/python3.14/site-packages/selenium/webdriver/remote/webelement.py\", line 114, in click\n    self._execute(Command.CLICK_ELEMENT)\n    ~~~~~~~~~~~~~^^^^^^^^^^^^^^^^^^^^^^^\n  File \"/home/runner/work/testomat_tests/testomat_tests/.venv/lib/python3.14/site-packages/selenium/webdriver/remote/webelement.py\", line 508, in _execute\n    return self._parent.execute(command, params)\n           ~~~~~~~~~~~~~~~~~~~~^^^^^^^^^^^^^^^^^\n  File \"/home/runner/work/testomat_tests/testomat_tests/.venv/lib/python3.14/site-packages/selenium/webdriver/remote/webdriver.py\", line 446, in execute\n    self.error_handler.check_response(response)\n    ~~~~~~~~~~~~~~~~~~~~~~~~~~~~~~~~~^^^^^^^^^^\n  File \"/home/runner/work/testomat_tests/testomat_tests/.venv/lib/python3.14/site-packages/selenium/webdriver/remote/errorhandler.py\", line 232, in check_response\n    raise exception_class(message, screen, stacktrace)\n","hasSimilarErrorInSubSteps":false}],"error":{"message":"selenium.common.exceptions.StaleElementReferenceException: Message: stale element reference: stale element not found in the current frame\n  (Session info: chrome=145.0.7632.116); For documentation on this error, please visit: https://www.selenium.dev/documentation/webdriver/troubleshooting/errors#staleelementreferenceexception\nStacktrace:\n#0 0x55b637faab6a <unknown>\n#1 0x55b6379bda32 <unknown>\n#2 0x55b6379c4b62 <unknown>\n#3 0x55b6379c73d9 <unknown>\n#4 0x55b6379c7483 <unknown>\n#5 0x55b637a161e3 <unknown>\n#6 0x55b637a13df3 <unknown>\n#7 0x55b637a06cd2 <unknown>\n#8 0x55b637a06617 <unknown>\n#9 0x55b637a5b369 <unknown>\n#10 0x55b637a04c0f <unknown>\n#11 0x55b637a059d1 <unknown>\n#12 0x55b637f6f6b9 <unknown>\n#13 0x55b637f725c1 <unknown>\n#14 0x55b637f5be29 <unknown>\n#15 0x55b637f7317e <unknown>\n#16 0x55b637f424b0 <unknown>\n#17 0x55b637f97578 <unknown>\n#18 0x55b637f9774b <unknown>\n#19 0x55b637fa91a3 <unknown>\n#20 0x7f9447e9caa4 <unknown>\n#21 0x7f9447f29c6c <unknown>","trace":"tests/web/selenium/enterprise_plan/project_creation_test.py:31: in test_new_project_creation_and_test_popup\n    project_page.test_modal.is_loaded(\"Test\").set_title(test_name).save()\n    ^^^^^^^^^^^^^^^^^^^^^^^^^^^^^^^^^^^^^^^^^^^^^^^^^^^^^^^^^^^^^^\nsrc/web/selenium/components/test_modal.py:31: in set_title\n    self.type_text(self.TITLE_INPUT, title)\nsrc/web/selenium/core/base_page.py:41: in type_text\n    element.click()\n.venv/lib/python3.14/site-packages/selenium/webdriver/remote/webelement.py:114: in click\n    self._execute(Command.CLICK_ELEMENT)\n.venv/lib/python3.14/site-packages/selenium/webdriver/remote/webelement.py:508: in _execute\n    return self._parent.execute(command, params)\n           ^^^^^^^^^^^^^^^^^^^^^^^^^^^^^^^^^^^^^\n.venv/lib/python3.14/site-packages/selenium/webdriver/remote/webdriver.py:446: in execute\n    self.error_handler.check_response(response)\n.venv/lib/python3.14/site-packages/selenium/webdriver/remote/errorhandler.py:232: in check_response\n    raise exception_class(message, screen, stacktrace)\nE   selenium.common.exceptions.StaleElementReferenceException: Message: stale element reference: stale element not found in the current frame\nE     (Session info: chrome=145.0.7632.116); For documentation on this error, please visit: https://www.selenium.dev/documentation/webdriver/troubleshooting/errors#staleelementreferenceexception\nE   Stacktrace:\nE   #0 0x55b637faab6a <unknown>\nE   #1 0x55b6379bda32 <unknown>\nE   #2 0x55b6379c4b62 <unknown>\nE   #3 0x55b6379c73d9 <unknown>\nE   #4 0x55b6379c7483 <unknown>\nE   #5 0x55b637a161e3 <unknown>\nE   #6 0x55b637a13df3 <unknown>\nE   #7 0x55b637a06cd2 <unknown>\nE   #8 0x55b637a06617 <unknown>\nE   #9 0x55b637a5b369 <unknown>\nE   #10 0x55b637a04c0f <unknown>\nE   #11 0x55b637a059d1 <unknown>\nE   #12 0x55b637f6f6b9 <unknown>\nE   #13 0x55b637f725c1 <unknown>\nE   #14 0x55b637f5be29 <unknown>\nE   #15 0x55b637f7317e <unknown>\nE   #16 0x55b637f424b0 <unknown>\nE   #17 0x55b637f97578 <unknown>\nE   #18 0x55b637f9774b <unknown>\nE   #19 0x55b637fa91a3 <unknown>\nE   #20 0x7f9447e9caa4 <unknown>\nE   #21 0x7f9447f29c6c <unknown>"},"testCase":{"id":"b27c81479dd48aa1ba49355102c40754","name":"test_new_project_creation_and_test_popup","fullName":"tests.web.selenium.enterprise_plan.project_creation_test#test_new_project_creation_and_test_popup"},"environment":"default","setup":[],"teardown":[],"history":[],"retries":[],"breadcrumbs":[["tests.web.selenium.enterprise_plan","project_creation_test"]],"retry":false,"titlePath":["tests","web","selenium","enterprise_plan","project_creation_test.py"],"retriesCount":0,"attachments":[],"order":40}