{"id":"d694143f5d1264149478a8eb82b1ef84","name":"test_login_invalid[max_length_email]","start":1772174229548,"stop":1772174236021,"duration":6473,"status":"failed","fullName":"tests.web.login_page_test#test_login_invalid","historyId":"c44850bddfc5f2c8a7a33cce19f3d8fc.aaedd9f4c7b71e506e6b490c57865d29","flaky":false,"muted":false,"known":false,"hidden":true,"labels":[{"name":"tag","value":"web"},{"name":"tag","value":"smoke"},{"name":"parentSuite","value":"tests.web"},{"name":"suite","value":"login_page_test"},{"name":"host","value":"runnervmnay03"},{"name":"thread","value":"3203-MainThread"},{"name":"framework","value":"pytest"},{"name":"language","value":"cpython3"},{"name":"package","value":"tests.web.login_page_test"}],"groupedLabels":{"tag":["web","smoke"],"parentSuite":["tests.web"],"suite":["login_page_test"],"host":["runnervmnay03"],"thread":["3203-MainThread"],"framework":["pytest"],"language":["cpython3"],"package":["tests.web.login_page_test"]},"parameters":[{"name":"email","value":"'env.EMAIL'","hidden":false,"excluded":false,"masked":false},{"name":"password","value":"'env.PASSWORD'","hidden":false,"excluded":false,"masked":false},{"name":"remember_me","value":"False","hidden":false,"excluded":false,"masked":false}],"links":[],"steps":[{"stepId":"b04340721a256b12e6370cd24f1c6f2c","name":"Open home page","status":"passed","steps":[],"parameters":[],"start":1772174229548,"stop":1772174229992,"duration":444,"type":"step","hasSimilarErrorInSubSteps":false},{"stepId":"7065963d6f6dc1de71e03ddd71fc2c9d","name":"Verify home page is loaded","status":"passed","steps":[],"parameters":[],"start":1772174229992,"stop":1772174230099,"duration":107,"type":"step","hasSimilarErrorInSubSteps":false},{"stepId":"8479819313683f4801c8ca8df0f86d66","name":"Click login on home page","status":"passed","steps":[],"parameters":[],"start":1772174230099,"stop":1772174230165,"duration":66,"type":"step","hasSimilarErrorInSubSteps":false},{"stepId":"cd410c63c533b2e149f6ac4893033df8","name":"Open login page","status":"passed","steps":[],"parameters":[],"start":1772174230165,"stop":1772174230742,"duration":577,"type":"step","hasSimilarErrorInSubSteps":false},{"stepId":"7a8497af9858bf8cc2c29fe1c4940cec","name":"Verify login page is loaded","status":"passed","steps":[],"parameters":[],"start":1772174230742,"stop":1772174230764,"duration":22,"type":"step","hasSimilarErrorInSubSteps":false},{"stepId":"e2118ed3e6a221ec0d4302cf2531a5b6","name":"Login user with credentials","status":"passed","steps":[],"parameters":[],"start":1772174230764,"stop":1772174231016,"duration":252,"type":"step","hasSimilarErrorInSubSteps":false},{"stepId":"93d1ee056e97401de0e79083768e339d","name":"Verify invalid login message is visible","status":"failed","steps":[],"parameters":[],"start":1772174231017,"stop":1772174236020,"duration":5003,"type":"step","message":"AssertionError: Locator expected to be visible\nActual value: None\nError: element(s) not found \nCall log:\n  - Expect \"to_be_visible\" with timeout 5000ms\n  - waiting for locator(\"#content-desktop\").get_by_text(\"Invalid Email or password.\")\n\n","trace":"  File \"/home/runner/work/testomat_tests/testomat_tests/.venv/lib/python3.14/site-packages/allure_commons/_allure.py\", line 202, in impl\n    return func(*a, **kw)\n  File \"/home/runner/work/testomat_tests/testomat_tests/src/web/pages/login_page.py\", line 33, in invalid_login_message_visible\n    expect(self.page.locator(\"#content-desktop\").get_by_text(\"Invalid Email or password.\")).to_be_visible()\n    ~~~~~~~~~~~~~~~~~~~~~~~~~~~~~~~~~~~~~~~~~~~~~~~~~~~~~~~~~~~~~~~~~~~~~~~~~~~~~~~~~~~~~~~~~~~~~~~~~~~~~^^\n  File \"/home/runner/work/testomat_tests/testomat_tests/.venv/lib/python3.14/site-packages/playwright/sync_api/_generated.py\", line 20523, in to_be_visible\n    self._sync(self._impl_obj.to_be_visible(visible=visible, timeout=timeout))\n    ~~~~~~~~~~^^^^^^^^^^^^^^^^^^^^^^^^^^^^^^^^^^^^^^^^^^^^^^^^^^^^^^^^^^^^^^^^\n  File \"/home/runner/work/testomat_tests/testomat_tests/.venv/lib/python3.14/site-packages/playwright/_impl/_sync_base.py\", line 115, in _sync\n    return task.result()\n           ~~~~~~~~~~~^^\n  File \"/home/runner/work/testomat_tests/testomat_tests/.venv/lib/python3.14/site-packages/playwright/_impl/_assertions.py\", line 765, in to_be_visible\n    await self._expect_impl(\n    ...<5 lines>...\n    )\n  File \"/home/runner/work/testomat_tests/testomat_tests/.venv/lib/python3.14/site-packages/playwright/_impl/_assertions.py\", line 85, in _expect_impl\n    raise AssertionError(\n        f\"{out_message}\\nActual value: {actual}{error_message} {format_call_log(result.get('log'))}\"\n    )\n","hasSimilarErrorInSubSteps":false}],"error":{"message":"AssertionError: Locator expected to be visible\nActual value: None\nError: element(s) not found \nCall log:\n  - Expect \"to_be_visible\" with timeout 5000ms\n  - waiting for locator(\"#content-desktop\").get_by_text(\"Invalid Email or password.\")","trace":"tests/web/login_page_test.py:45: in test_login_invalid\n    shared_page.login_page.invalid_login_message_visible()\nsrc/web/pages/login_page.py:33: in invalid_login_message_visible\n    expect(self.page.locator(\"#content-desktop\").get_by_text(\"Invalid Email or password.\")).to_be_visible()\nE   AssertionError: Locator expected to be visible\nE   Actual value: None\nE   Error: element(s) not found \nE   Call log:\nE     - Expect \"to_be_visible\" with timeout 5000ms\nE     - waiting for locator(\"#content-desktop\").get_by_text(\"Invalid Email or password.\")"},"testCase":{"id":"c44850bddfc5f2c8a7a33cce19f3d8fc","name":"test_login_invalid[xss_in_password]","fullName":"tests.web.login_page_test#test_login_invalid"},"environment":"default","setup":[],"teardown":[],"history":[],"retries":[],"breadcrumbs":[["tests.web","login_page_test"]],"retry":false,"titlePath":["tests","web","login_page_test.py"],"retriesCount":0,"attachments":[],"order":69}